{
  "Cucumber Features": {
    "coverage": {
      "/home/saasbook/Desktop/ForwardTutoring/app/controllers/application_controller.rb": [
        1,
        1,
        null,
        1,
        null,
        1,
        null,
        1,
        220,
        null,
        null,
        1,
        120,
        120,
        120,
        120,
        96,
        null,
        24,
        null,
        120,
        null,
        null,
        1,
        0,
        0,
        null,
        null,
        null
      ],
      "/home/saasbook/Desktop/ForwardTutoring/app/helpers/application_helper.rb": [
        1,
        null
      ],
      "/home/saasbook/Desktop/ForwardTutoring/app/helpers/resources_helper.rb": [
        1,
        null,
        1,
        17,
        null,
        null,
        1,
        1,
        1,
        1,
        null,
        0,
        null,
        null,
        null
      ],
      "/home/saasbook/Desktop/ForwardTutoring/app/helpers/reviews_helper.rb": [
        1,
        null
      ],
      "/home/saasbook/Desktop/ForwardTutoring/app/helpers/sessions_helper.rb": [
        1,
        null
      ],
      "/home/saasbook/Desktop/ForwardTutoring/app/helpers/topics_helper.rb": [
        1,
        null,
        1,
        2,
        2,
        null,
        0,
        null,
        null,
        null
      ],
      "/home/saasbook/Desktop/ForwardTutoring/app/models/admin_user.rb": [
        1,
        null,
        null,
        1,
        null,
        null,
        null,
        1,
        null,
        null
      ],
      "/home/saasbook/Desktop/ForwardTutoring/app/admin/admin_user.rb": [
        1,
        1,
        0,
        0,
        0,
        0,
        0,
        null,
        null,
        1,
        null,
        1,
        0,
        0,
        0,
        0,
        null,
        0,
        null,
        null
      ],
      "/home/saasbook/Desktop/ForwardTutoring/app/admin/reviews.rb": [
        1,
        null,
        null
      ],
      "/home/saasbook/Desktop/ForwardTutoring/app/models/review.rb": [
        1,
        1,
        1,
        1,
        null,
        1,
        1,
        null,
        null
      ],
      "/home/saasbook/Desktop/ForwardTutoring/app/admin/subjects.rb": [
        1,
        null,
        null
      ],
      "/home/saasbook/Desktop/ForwardTutoring/app/models/subject.rb": [
        1,
        1,
        1,
        null,
        1,
        1,
        1,
        null
      ],
      "/home/saasbook/Desktop/ForwardTutoring/app/admin/dashboard.rb": [
        1,
        null,
        25,
        null,
        13,
        6,
        6,
        6,
        6,
        null,
        null,
        null,
        null,
        null,
        null,
        null,
        null,
        null,
        null,
        null,
        null,
        null,
        null,
        null,
        null,
        null,
        null,
        null,
        null,
        null,
        null,
        null,
        null
      ],
      "/home/saasbook/Desktop/ForwardTutoring/app/admin/dr_users_role.rb": [
        1,
        null,
        null
      ],
      "/home/saasbook/Desktop/ForwardTutoring/app/models/dr_users_role.rb": [
        1,
        1,
        null
      ],
      "/home/saasbook/Desktop/ForwardTutoring/app/admin/fields.rb": [
        1,
        null,
        null
      ],
      "/home/saasbook/Desktop/ForwardTutoring/app/models/field.rb": [
        1,
        1,
        1,
        null,
        1,
        1,
        1,
        null
      ],
      "/home/saasbook/Desktop/ForwardTutoring/app/admin/resources.rb": [
        1,
        null,
        null
      ],
      "/home/saasbook/Desktop/ForwardTutoring/app/models/resource.rb": [
        1,
        1,
        null,
        1,
        null,
        null,
        1,
        null,
        null,
        1,
        1,
        null,
        null,
        null,
        null,
        null,
        null,
        1,
        1,
        1,
        1,
        1,
        null,
        1,
        null,
        null,
        null,
        null,
        null,
        1,
        1,
        1,
        null,
        1,
        null,
        1,
        51,
        2,
        null,
        null,
        null,
        1,
        51,
        null,
        9,
        null,
        null,
        null,
        null
      ],
      "/home/saasbook/Desktop/ForwardTutoring/app/admin/topics.rb": [
        1,
        null,
        null
      ],
      "/home/saasbook/Desktop/ForwardTutoring/app/models/topic.rb": [
        1,
        1,
        1,
        null,
        1,
        1,
        null,
        1,
        30,
        30,
        4,
        null,
        30,
        null,
        null
      ],
      "/home/saasbook/Desktop/ForwardTutoring/app/admin/dr_user.rb": [
        1,
        null,
        null
      ],
      "/home/saasbook/Desktop/ForwardTutoring/app/models/dr_user.rb": [
        1,
        null,
        1,
        null,
        1,
        1,
        null,
        1,
        24,
        24,
        24,
        null,
        null,
        null,
        null,
        null
      ],
      "/home/saasbook/Desktop/ForwardTutoring/app/controllers/fields_controller.rb": [
        1,
        null,
        1,
        4,
        null,
        null,
        null
      ],
      "/home/saasbook/Desktop/ForwardTutoring/app/controllers/resources_controller.rb": [
        1,
        null,
        1,
        1,
        null,
        1,
        10,
        0,
        null,
        null,
        null,
        null,
        1,
        6,
        null,
        null,
        null,
        null,
        null,
        null,
        null,
        1,
        null,
        11,
        11,
        11,
        11,
        11,
        null,
        11,
        11,
        110,
        110,
        null,
        11,
        null,
        null,
        null,
        null,
        1,
        7,
        7,
        1,
        1,
        null,
        6,
        null,
        6,
        6,
        6,
        3,
        3,
        null,
        3,
        null,
        3,
        null,
        null,
        null,
        null,
        1,
        5,
        5,
        5,
        5,
        5,
        null,
        5,
        5,
        5,
        5,
        50,
        50,
        null,
        null,
        0,
        0,
        null,
        null,
        null,
        1,
        3,
        3,
        3,
        1,
        1,
        null,
        2,
        2,
        null,
        null,
        null,
        null,
        1,
        18,
        18,
        17,
        null,
        null,
        null,
        null,
        1,
        1,
        null,
        null,
        null,
        1,
        0,
        0,
        0,
        null,
        null,
        1,
        0,
        null,
        null,
        1,
        19,
        null,
        null,
        1,
        null,
        null
      ],
      "/home/saasbook/Desktop/ForwardTutoring/app/controllers/reviews_controller.rb": [
        1,
        1,
        2,
        2,
        2,
        2,
        1,
        1,
        1,
        1,
        1,
        1,
        null,
        null,
        null,
        1,
        1,
        null,
        null,
        null,
        1,
        0,
        0,
        0,
        0,
        null,
        null,
        null
      ],
      "/home/saasbook/Desktop/ForwardTutoring/app/controllers/sessions_controller.rb": [
        1,
        1,
        null,
        null,
        1,
        24,
        24,
        24,
        24,
        null,
        0,
        0,
        0,
        null,
        0,
        null,
        null,
        null,
        1,
        0,
        0,
        null,
        null
      ],
      "/home/saasbook/Desktop/ForwardTutoring/app/controllers/subjects_controller.rb": [
        1,
        1,
        35,
        null,
        null,
        1,
        null,
        null,
        null,
        1,
        null,
        null,
        null,
        null,
        null,
        1,
        null,
        null,
        null,
        null
      ],
      "/home/saasbook/Desktop/ForwardTutoring/app/controllers/topics_controller.rb": [
        1,
        null,
        1,
        2,
        null,
        null,
        null
      ],
      "/home/saasbook/Desktop/ForwardTutoring/app/controllers/users_controller.rb": [
        1,
        null,
        1,
        null,
        null
      ]
    },
    "timestamp": 1387054098
  },
  "RSpec": {
    "coverage": {
      "/home/saasbook/Desktop/ForwardTutoring/app/controllers/application_controller.rb": [
        1,
        1,
        null,
        1,
        null,
        1,
        null,
        1,
        0,
        null,
        null,
        1,
        0,
        0,
        0,
        0,
        0,
        null,
        0,
        null,
        0,
        null,
        null,
        1,
        0,
        0,
        null,
        null,
        null
      ],
      "/home/saasbook/Desktop/ForwardTutoring/app/helpers/application_helper.rb": [
        1,
        null
      ],
      "/home/saasbook/Desktop/ForwardTutoring/app/helpers/resources_helper.rb": [
        1,
        null,
        1,
        1,
        null,
        null,
        1,
        0,
        0,
        0,
        null,
        0,
        null,
        null,
        null
      ],
      "/home/saasbook/Desktop/ForwardTutoring/app/helpers/reviews_helper.rb": [
        1,
        null
      ],
      "/home/saasbook/Desktop/ForwardTutoring/app/helpers/sessions_helper.rb": [
        1,
        null
      ],
      "/home/saasbook/Desktop/ForwardTutoring/app/helpers/topics_helper.rb": [
        1,
        null,
        1,
        0,
        0,
        null,
        0,
        null,
        null,
        null
      ],
      "/home/saasbook/Desktop/ForwardTutoring/app/models/admin_user.rb": [
        1,
        null,
        null,
        1,
        null,
        null,
        null,
        1,
        null,
        null
      ],
      "/home/saasbook/Desktop/ForwardTutoring/app/admin/admin_user.rb": [
        1,
        1,
        0,
        0,
        0,
        0,
        0,
        null,
        null,
        1,
        null,
        1,
        0,
        0,
        0,
        0,
        null,
        0,
        null,
        null
      ],
      "/home/saasbook/Desktop/ForwardTutoring/app/admin/reviews.rb": [
        1,
        null,
        null
      ],
      "/home/saasbook/Desktop/ForwardTutoring/app/models/review.rb": [
        1,
        1,
        1,
        1,
        null,
        1,
        1,
        null,
        null
      ],
      "/home/saasbook/Desktop/ForwardTutoring/app/admin/subjects.rb": [
        1,
        null,
        null
      ],
      "/home/saasbook/Desktop/ForwardTutoring/app/models/subject.rb": [
        1,
        1,
        1,
        null,
        1,
        1,
        1,
        null
      ],
      "/home/saasbook/Desktop/ForwardTutoring/app/admin/dashboard.rb": [
        1,
        null,
        1,
        null,
        1,
        0,
        0,
        0,
        0,
        null,
        null,
        null,
        null,
        null,
        null,
        null,
        null,
        null,
        null,
        null,
        null,
        null,
        null,
        null,
        null,
        null,
        null,
        null,
        null,
        null,
        null,
        null,
        null
      ],
      "/home/saasbook/Desktop/ForwardTutoring/app/admin/fields.rb": [
        1,
        null,
        null
      ],
      "/home/saasbook/Desktop/ForwardTutoring/app/models/field.rb": [
        1,
        1,
        1,
        null,
        1,
        1,
        1,
        null
      ],
      "/home/saasbook/Desktop/ForwardTutoring/app/admin/resources.rb": [
        1,
        null,
        null
      ],
      "/home/saasbook/Desktop/ForwardTutoring/app/models/resource.rb": [
        1,
        1,
        null,
        1,
        null,
        null,
        1,
        null,
        null,
        1,
        1,
        null,
        null,
        null,
        null,
        null,
        null,
        1,
        1,
        1,
        1,
        1,
        null,
        1,
        null,
        null,
        null,
        null,
        null,
        1,
        1,
        1,
        null,
        1,
        null,
        1,
        0,
        0,
        null,
        null,
        null,
        1,
        0,
        null,
        0,
        null,
        null,
        null,
        null
      ],
      "/home/saasbook/Desktop/ForwardTutoring/app/admin/topics.rb": [
        1,
        null,
        null
      ],
      "/home/saasbook/Desktop/ForwardTutoring/app/models/topic.rb": [
        1,
        1,
        1,
        null,
        1,
        1,
        null,
        1,
        0,
        0,
        0,
        null,
        0,
        null,
        null
      ],
      "/home/saasbook/Desktop/ForwardTutoring/app/admin/dr_user.rb": [
        1,
        null,
        null
      ],
      "/home/saasbook/Desktop/ForwardTutoring/app/models/dr_user.rb": [
        1,
        null,
        1,
        null,
        1,
        1,
        null,
        1,
        0,
        0,
        0,
        null,
        null,
        null,
        null,
        null
      ],
      "/home/saasbook/Desktop/ForwardTutoring/app/controllers/fields_controller.rb": [
        1,
        null,
        1,
        0,
        null,
        null,
        null
      ],
      "/home/saasbook/Desktop/ForwardTutoring/app/controllers/resources_controller.rb": [
        1,
        null,
        1,
        1,
        null,
        1,
        0,
        0,
        null,
        null,
        null,
        null,
        1,
        0,
        null,
        null,
        null,
        null,
        null,
        null,
        null,
        1,
        null,
        0,
        0,
        0,
        0,
        0,
        null,
        0,
        0,
        0,
        0,
        null,
        0,
        null,
        null,
        null,
        null,
        1,
        0,
        0,
        0,
        0,
        null,
        0,
        null,
        0,
        0,
        0,
        0,
        0,
        null,
        0,
        null,
        0,
        null,
        null,
        null,
        null,
        1,
        0,
        0,
        0,
        0,
        0,
        0,
        0,
        0,
        0,
        0,
        0,
        0,
        null,
        null,
        0,
        0,
        null,
        null,
        null,
        1,
        0,
        0,
        0,
        0,
        0,
        null,
        0,
        0,
        null,
        null,
        null,
        null,
        1,
        0,
        0,
        0,
        null,
        0,
        0,
        null,
        null,
        null,
        1,
        0,
        0,
        0,
        null,
        null,
        1,
        0,
        null,
        null,
        1,
        0,
        null,
        null,
        1,
        null,
        null
      ],
      "/home/saasbook/Desktop/ForwardTutoring/app/controllers/reviews_controller.rb": [
        1,
        1,
        0,
        0,
        0,
        0,
        0,
        0,
        0,
        0,
        0,
        0,
        null,
        null,
        null,
        0,
        0,
        null,
        null,
        null,
        1,
        0,
        0,
        0,
        0,
        null,
        null,
        null
      ],
      "/home/saasbook/Desktop/ForwardTutoring/app/controllers/sessions_controller.rb": [
        1,
        1,
        null,
        null,
        1,
        0,
        0,
        0,
        0,
        null,
        0,
        0,
        0,
        null,
        0,
        null,
        null,
        null,
        1,
        0,
        0,
        null,
        null
      ],
      "/home/saasbook/Desktop/ForwardTutoring/app/controllers/subjects_controller.rb": [
        1,
        1,
        0,
        null,
        null,
        1,
        null,
        null,
        null,
        1,
        null,
        null,
        null,
        null,
        null,
        1,
        null,
        null,
        null,
        null
      ],
      "/home/saasbook/Desktop/ForwardTutoring/app/controllers/topics_controller.rb": [
        1,
        null,
        1,
        0,
        null,
        null,
        null
      ],
      "/home/saasbook/Desktop/ForwardTutoring/app/controllers/users_controller.rb": [
        1,
        null,
        1,
        null,
        null
      ],
      "/home/saasbook/Desktop/ForwardTutoring/app/models/dr_users_role.rb": [
        1,
        1,
        null
      ]
    },
    "timestamp": 1386723660
  }
}
